{"$message_type":"diagnostic","message":"cannot find type `ChildBuilder` in this scope","code":{"code":"E0412","explanation":"A used type name is not in scope.\n\nErroneous code examples:\n\n```compile_fail,E0412\nimpl Something {} // error: type name `Something` is not in scope\n\n// or:\n\ntrait Foo {\n    fn bar(N); // error: type name `N` is not in scope\n}\n\n// or:\n\nfn foo(x: T) {} // type name `T` is not in scope\n```\n\nTo fix this error, please verify you didn't misspell the type name, you did\ndeclare it or imported it into the scope. Examples:\n\n```\nstruct Something;\n\nimpl Something {} // ok!\n\n// or:\n\ntrait Foo {\n    type N;\n\n    fn bar(_: Self::N); // ok!\n}\n\n// or:\n\nfn foo<T>(x: T) {} // ok!\n```\n\nAnother case that causes this error is when a type is imported into a parent\nmodule. To fix this, you can follow the suggestion and use File directly or\n`use super::File;` which will import the types from the parent namespace. An\nexample that causes this error is below:\n\n```compile_fail,E0412\nuse std::fs::File;\n\nmod foo {\n    fn some_function(f: File) {}\n}\n```\n\n```\nuse std::fs::File;\n\nmod foo {\n    // either\n    use super::File;\n    // or\n    // use std::fs::File;\n    fn foo(f: File) {}\n}\n# fn main() {} // don't insert it for us; that'll break imports\n```\n"},"level":"error","spans":[{"file_name":"src/containers.rs","byte_start":1732,"byte_end":1744,"line_start":60,"line_end":60,"column_start":45,"column_end":57,"is_primary":true,"text":[{"text":"    pub fn with_brackets(self, parent: &mut ChildBuilder, color: Color, size: f32, thickness: f32) {","highlight_start":45,"highlight_end":57}],"label":"not found in this scope","suggested_replacement":null,"suggestion_applicability":null,"expansion":null}],"children":[],"rendered":"\u001b[1m\u001b[91merror[E0412]\u001b[0m\u001b[1m: cannot find type `ChildBuilder` in this scope\u001b[0m\n  \u001b[1m\u001b[94m--> \u001b[0msrc/containers.rs:60:45\n   \u001b[1m\u001b[94m|\u001b[0m\n\u001b[1m\u001b[94m60\u001b[0m \u001b[1m\u001b[94m|\u001b[0m     pub fn with_brackets(self, parent: &mut ChildBuilder, color: Color, size: f32, thickness: f32) {\n   \u001b[1m\u001b[94m|\u001b[0m                                             \u001b[1m\u001b[91m^^^^^^^^^^^^\u001b[0m \u001b[1m\u001b[91mnot found in this scope\u001b[0m\n\n"}
{"$message_type":"diagnostic","message":"cannot find type `ChildBuilder` in this scope","code":{"code":"E0412","explanation":"A used type name is not in scope.\n\nErroneous code examples:\n\n```compile_fail,E0412\nimpl Something {} // error: type name `Something` is not in scope\n\n// or:\n\ntrait Foo {\n    fn bar(N); // error: type name `N` is not in scope\n}\n\n// or:\n\nfn foo(x: T) {} // type name `T` is not in scope\n```\n\nTo fix this error, please verify you didn't misspell the type name, you did\ndeclare it or imported it into the scope. Examples:\n\n```\nstruct Something;\n\nimpl Something {} // ok!\n\n// or:\n\ntrait Foo {\n    type N;\n\n    fn bar(_: Self::N); // ok!\n}\n\n// or:\n\nfn foo<T>(x: T) {} // ok!\n```\n\nAnother case that causes this error is when a type is imported into a parent\nmodule. To fix this, you can follow the suggestion and use File directly or\n`use super::File;` which will import the types from the parent namespace. An\nexample that causes this error is below:\n\n```compile_fail,E0412\nuse std::fs::File;\n\nmod foo {\n    fn some_function(f: File) {}\n}\n```\n\n```\nuse std::fs::File;\n\nmod foo {\n    // either\n    use super::File;\n    // or\n    // use std::fs::File;\n    fn foo(f: File) {}\n}\n# fn main() {} // don't insert it for us; that'll break imports\n```\n"},"level":"error","spans":[{"file_name":"src/containers.rs","byte_start":2770,"byte_end":2782,"line_start":108,"line_end":108,"column_start":46,"column_end":58,"is_primary":true,"text":[{"text":"    pub fn with_scanlines(self, parent: &mut ChildBuilder, color: Color, count: usize) {","highlight_start":46,"highlight_end":58}],"label":"not found in this scope","suggested_replacement":null,"suggestion_applicability":null,"expansion":null}],"children":[],"rendered":"\u001b[1m\u001b[91merror[E0412]\u001b[0m\u001b[1m: cannot find type `ChildBuilder` in this scope\u001b[0m\n   \u001b[1m\u001b[94m--> \u001b[0msrc/containers.rs:108:46\n    \u001b[1m\u001b[94m|\u001b[0m\n\u001b[1m\u001b[94m108\u001b[0m \u001b[1m\u001b[94m|\u001b[0m     pub fn with_scanlines(self, parent: &mut ChildBuilder, color: Color, count: usize) {\n    \u001b[1m\u001b[94m|\u001b[0m                                              \u001b[1m\u001b[91m^^^^^^^^^^^^\u001b[0m \u001b[1m\u001b[91mnot found in this scope\u001b[0m\n\n"}
{"$message_type":"diagnostic","message":"cannot find type `ChildBuilder` in this scope","code":{"code":"E0412","explanation":"A used type name is not in scope.\n\nErroneous code examples:\n\n```compile_fail,E0412\nimpl Something {} // error: type name `Something` is not in scope\n\n// or:\n\ntrait Foo {\n    fn bar(N); // error: type name `N` is not in scope\n}\n\n// or:\n\nfn foo(x: T) {} // type name `T` is not in scope\n```\n\nTo fix this error, please verify you didn't misspell the type name, you did\ndeclare it or imported it into the scope. Examples:\n\n```\nstruct Something;\n\nimpl Something {} // ok!\n\n// or:\n\ntrait Foo {\n    type N;\n\n    fn bar(_: Self::N); // ok!\n}\n\n// or:\n\nfn foo<T>(x: T) {} // ok!\n```\n\nAnother case that causes this error is when a type is imported into a parent\nmodule. To fix this, you can follow the suggestion and use File directly or\n`use super::File;` which will import the types from the parent namespace. An\nexample that causes this error is below:\n\n```compile_fail,E0412\nuse std::fs::File;\n\nmod foo {\n    fn some_function(f: File) {}\n}\n```\n\n```\nuse std::fs::File;\n\nmod foo {\n    // either\n    use super::File;\n    // or\n    // use std::fs::File;\n    fn foo(f: File) {}\n}\n# fn main() {} // don't insert it for us; that'll break imports\n```\n"},"level":"error","spans":[{"file_name":"src/containers.rs","byte_start":3293,"byte_end":3305,"line_start":125,"line_end":125,"column_start":18,"column_end":30,"is_primary":true,"text":[{"text":"    parent: &mut ChildBuilder,","highlight_start":18,"highlight_end":30}],"label":"not found in this scope","suggested_replacement":null,"suggestion_applicability":null,"expansion":null}],"children":[],"rendered":"\u001b[1m\u001b[91merror[E0412]\u001b[0m\u001b[1m: cannot find type `ChildBuilder` in this scope\u001b[0m\n   \u001b[1m\u001b[94m--> \u001b[0msrc/containers.rs:125:18\n    \u001b[1m\u001b[94m|\u001b[0m\n\u001b[1m\u001b[94m125\u001b[0m \u001b[1m\u001b[94m|\u001b[0m     parent: &mut ChildBuilder,\n    \u001b[1m\u001b[94m|\u001b[0m                  \u001b[1m\u001b[91m^^^^^^^^^^^^\u001b[0m \u001b[1m\u001b[91mnot found in this scope\u001b[0m\n\n"}
{"$message_type":"diagnostic","message":"unused import: `crate::theme::*`","code":{"code":"unused_imports","explanation":null},"level":"warning","spans":[{"file_name":"src/widgets.rs","byte_start":4,"byte_end":19,"line_start":1,"line_end":1,"column_start":5,"column_end":20,"is_primary":true,"text":[{"text":"use crate::theme::*;","highlight_start":5,"highlight_end":20}],"label":null,"suggested_replacement":null,"suggestion_applicability":null,"expansion":null}],"children":[{"message":"`#[warn(unused_imports)]` (part of `#[warn(unused)]`) on by default","code":null,"level":"note","spans":[],"children":[],"rendered":null},{"message":"remove the whole `use` item","code":null,"level":"help","spans":[{"file_name":"src/widgets.rs","byte_start":0,"byte_end":21,"line_start":1,"line_end":2,"column_start":1,"column_end":1,"is_primary":true,"text":[{"text":"use crate::theme::*;","highlight_start":1,"highlight_end":21},{"text":"use bevy::prelude::*;","highlight_start":1,"highlight_end":1}],"label":null,"suggested_replacement":"","suggestion_applicability":"MachineApplicable","expansion":null}],"children":[],"rendered":null}],"rendered":"\u001b[1m\u001b[33mwarning\u001b[0m\u001b[1m: unused import: `crate::theme::*`\u001b[0m\n \u001b[1m\u001b[94m--> \u001b[0msrc/widgets.rs:1:5\n  \u001b[1m\u001b[94m|\u001b[0m\n\u001b[1m\u001b[94m1\u001b[0m \u001b[1m\u001b[94m|\u001b[0m use crate::theme::*;\n  \u001b[1m\u001b[94m|\u001b[0m     \u001b[1m\u001b[33m^^^^^^^^^^^^^^^\u001b[0m\n  \u001b[1m\u001b[94m|\u001b[0m\n  \u001b[1m\u001b[94m= \u001b[0m\u001b[1mnote\u001b[0m: `#[warn(unused_imports)]` (part of `#[warn(unused)]`) on by default\n\n"}
{"$message_type":"diagnostic","message":"unused variable: `segments`","code":{"code":"unused_variables","explanation":null},"level":"warning","spans":[{"file_name":"src/tech.rs","byte_start":220,"byte_end":228,"line_start":7,"line_end":7,"column_start":83,"column_end":91,"is_primary":true,"text":[{"text":"    pub fn draw_hex(gizmos: &mut Gizmos, position: Vec2, size: f32, color: Color, segments: u32) {","highlight_start":83,"highlight_end":91}],"label":null,"suggested_replacement":null,"suggestion_applicability":null,"expansion":null}],"children":[{"message":"`#[warn(unused_variables)]` (part of `#[warn(unused)]`) on by default","code":null,"level":"note","spans":[],"children":[],"rendered":null},{"message":"if this is intentional, prefix it with an underscore","code":null,"level":"help","spans":[{"file_name":"src/tech.rs","byte_start":220,"byte_end":228,"line_start":7,"line_end":7,"column_start":83,"column_end":91,"is_primary":true,"text":[{"text":"    pub fn draw_hex(gizmos: &mut Gizmos, position: Vec2, size: f32, color: Color, segments: u32) {","highlight_start":83,"highlight_end":91}],"label":null,"suggested_replacement":"_segments","suggestion_applicability":"MachineApplicable","expansion":null}],"children":[],"rendered":null}],"rendered":"\u001b[1m\u001b[33mwarning\u001b[0m\u001b[1m: unused variable: `segments`\u001b[0m\n \u001b[1m\u001b[94m--> \u001b[0msrc/tech.rs:7:83\n  \u001b[1m\u001b[94m|\u001b[0m\n\u001b[1m\u001b[94m7\u001b[0m \u001b[1m\u001b[94m|\u001b[0m     pub fn draw_hex(gizmos: &mut Gizmos, position: Vec2, size: f32, color: Color, segments: u32) {\n  \u001b[1m\u001b[94m|\u001b[0m                                                                                   \u001b[1m\u001b[33m^^^^^^^^\u001b[0m \u001b[1m\u001b[33mhelp: if this is intentional, prefix it with an underscore: `_segments`\u001b[0m\n  \u001b[1m\u001b[94m|\u001b[0m\n  \u001b[1m\u001b[94m= \u001b[0m\u001b[1mnote\u001b[0m: `#[warn(unused_variables)]` (part of `#[warn(unused)]`) on by default\n\n"}
{"$message_type":"diagnostic","message":"aborting due to 3 previous errors; 2 warnings emitted","code":null,"level":"error","spans":[],"children":[],"rendered":"\u001b[1m\u001b[91merror\u001b[0m\u001b[1m: aborting due to 3 previous errors; 2 warnings emitted\u001b[0m\n\n"}
{"$message_type":"diagnostic","message":"For more information about this error, try `rustc --explain E0412`.","code":null,"level":"failure-note","spans":[],"children":[],"rendered":"\u001b[1mFor more information about this error, try `rustc --explain E0412`.\u001b[0m\n"}
